19:16:11 **** Incremental Build of configuration IntelWin_parallel for project BilatTools_OpenCV ****
makeIntelWin.bat jall 
init make
init API-EXT
init API-CBI

[INTEL] : jall  

Copyright (C) 1985-2015 Intel Corporation. All rights reserved.
Intel(R) Compiler 16.0 Update 1 (package 146)
 

==================================================================================
[CBI] -> Target Name  : BilatTools_OpenCV_intel_64
[CBI] ->
[CBI] -> Build     	  : Q:/cedric.bilat/Targets/BilatTools_OpenCV/bin/BilatTools_OpenCV_intel_64.exe
[CBI] -> Deploy       : ../RELEASE/bin
[CBI] ->
[CBI] -> Type	 	  : EXE
[CBI] -> Arch	 	  : 64
[CBI] -> OS	 		  : Win
[CBI] -> User	 	  : cedric.bilat
[CBI] ->
[CBI] -> Task		  : Compiling-Linking
==================================================================================

[CBI] -> SRC AUX (Recursif) :
[CBI] ->
[CBI] ->              : ../BilatTools_CPP/src/core

[CBI] -> CXXFLAGS (Partial) :
[CBI] ->
[CBI] ->              : -Ic:/Soft_API/ext/OpenCV/310/include
[CBI] ->              : -Ic:/Soft_API/ext/OpenCV/310/include/opencv2
[CBI] ->              : -Ic:/Soft_API/ext/OpenCV/310/include/opencv2/core
[CBI] ->              : -Ic:/Soft_API/ext/OpenCV/310/include/opencv2/flann
[CBI] ->              : -Ic:/Soft_API/ext/OpenCV/310/include/opencv2/highgui
[CBI] ->              : -Ic:/Soft_API/ext/OpenCV/310/include/opencv2/imgproc
[CBI] ->              : -Ic:/Soft_API/ext/OpenCV/310/include/opencv2/video
[CBI] ->              : /EHsc
[CBI] ->              : /MD
[CBI] ->              : /O3
[CBI] ->              : /Qopenmp
[CBI] ->              : /Qpar-threshold100
[CBI] ->              : /Qparallel
[CBI] ->              : /QxHost
[CBI] ->              : /fast
[CBI] ->              : /nologo

[CBI] -> LDFLAGS (Partial) :
[CBI] ->
[CBI] ->              : /link
[CBI] ->              : /nologo

[CBI] -> INC_PATH (auto detect):
[CBI] ->              : ../BilatTools_CPP/src/core/tools/header/
[CBI] ->              : ../BilatTools_CPP/src/core/tools/header/namespace_cpu/
[CBI] ->              : src/core/capture/
[CBI] ->              : src/core/capture/video/
[CBI] ->              : src/core/capture/webcam/
[CBI] ->              : src/core/show/shapeOverlay/
[CBI] ->              : src/core/show/shapeOverlay/appearance/
[CBI] ->              : src/core/show/shapeOverlay/drawer/
[CBI] ->              : src/core/show/shapeOverlay/shape/
[CBI] ->              : src/core/show/view/
[CBI] ->              : src/core/show/view/viewer/
[CBI] ->              : src/core/show/view/viewerMat/
[CBI] ->              : src/core/tools/
[CBI] ->              : src/core/tools/cpu/

[CBI] -> LIB_PATH (auto detect):

[CBI] -> API_INC :
[CBI] ->              : c:/Soft_API/ext/OpenCV/310/include
[CBI] ->              : c:/Soft_API/ext/OpenCV/310/include/opencv2
[CBI] ->              : c:/Soft_API/ext/OpenCV/310/include/opencv2/core
[CBI] ->              : c:/Soft_API/ext/OpenCV/310/include/opencv2/flann
[CBI] ->              : c:/Soft_API/ext/OpenCV/310/include/opencv2/highgui
[CBI] ->              : c:/Soft_API/ext/OpenCV/310/include/opencv2/imgproc
[CBI] ->              : c:/Soft_API/ext/OpenCV/310/include/opencv2/video

[CBI] -> API_LIB :
[CBI] ->              : c:/Soft_API/ext/OpenCV/310/visual/lib

[CBI] -> API_BIN :
[CBI] ->              : c:/Soft_API/ext/OpenCV/310/visual/bin

[CBI] -> API_LIBRARIES :
[CBI] ->              : opencv_calib3d310_visual2013_cuda75.lib
[CBI] ->              : opencv_core310_visual2013_cuda75.lib
[CBI] ->              : opencv_features2d310_visual2013_cuda75.lib
[CBI] ->              : opencv_flann310_visual2013_cuda75.lib
[CBI] ->              : opencv_highgui310_visual2013_cuda75.lib
[CBI] ->              : opencv_imgcodecs310_visual2013_cuda75.lib
[CBI] ->              : opencv_imgproc310_visual2013_cuda75.lib
[CBI] ->              : opencv_ml310_visual2013_cuda75.lib
[CBI] ->              : opencv_objdetect310_visual2013_cuda75.lib
[CBI] ->              : opencv_photo310_visual2013_cuda75.lib
[CBI] ->              : opencv_shape310_visual2013_cuda75.lib
[CBI] ->              : opencv_stitching310_visual2013_cuda75.lib
[CBI] ->              : opencv_superres310_visual2013_cuda75.lib
[CBI] ->              : opencv_video310_visual2013_cuda75.lib
[CBI] ->              : opencv_videoio310_visual2013_cuda75.lib
[CBI] ->              : opencv_videostab310_visual2013_cuda75.lib

[CBI] -> Create folder : Q:/cedric.bilat/Targets/BilatTools_OpenCV/bin
[CBI] -> Create folder : Q:/cedric.bilat/Targets/BilatTools_OpenCV/obj

[CBI] -> Compilation parallel (6 threads)

CVCaptureVideo.cpp
CVCaptureWebcam.cpp
AppearanceShape.cpp
ShapeDrawer.cpp
LineDrawer.cpp
ShapeDrawerTransparant.cpp
Polygon.cpp
ShapeGroup.cpp
Shape.cpp
Circle.cpp
Line.cpp
Rectangle.cpp
Triangle.cpp
FactoryImageViewer.cpp
CVViewerUcharBGR.cpp
CVViewerMatBGR.cpp
OpencvTools.cpp
OpencvTools_CPU.cpp
main.cpp
useWebcam.cpp
useVideo.cpp
useCapture.cpp
useShapeOverlay.cpp
03_tuto_transparance.cpp
02_tuto_all_shape.cpp
04_tuto_bigline.cpp
01_tuto_simple.cpp
StringTools.cpp
Progress.cpp
Fps.cpp
TabTools.cpp
Chrono.cpp
AleaTools.cpp
LimitsTools.cpp
MathTools.cpp
IndiceTools_CPU.cpp
ColorTools_CPU.cpp

[CBI] -> Linking to   : Q:/cedric.bilat/Targets/BilatTools_OpenCV/bin/BilatTools_OpenCV_intel_64.exe

[CBI] -> Library Link :
[CBI] ->              : opencv_calib3d310_visual2013_cuda75.lib
[CBI] ->              : opencv_core310_visual2013_cuda75.lib
[CBI] ->              : opencv_features2d310_visual2013_cuda75.lib
[CBI] ->              : opencv_flann310_visual2013_cuda75.lib
[CBI] ->              : opencv_highgui310_visual2013_cuda75.lib
[CBI] ->              : opencv_imgcodecs310_visual2013_cuda75.lib
[CBI] ->              : opencv_imgproc310_visual2013_cuda75.lib
[CBI] ->              : opencv_ml310_visual2013_cuda75.lib
[CBI] ->              : opencv_objdetect310_visual2013_cuda75.lib
[CBI] ->              : opencv_photo310_visual2013_cuda75.lib
[CBI] ->              : opencv_shape310_visual2013_cuda75.lib
[CBI] ->              : opencv_stitching310_visual2013_cuda75.lib
[CBI] ->              : opencv_superres310_visual2013_cuda75.lib
[CBI] ->              : opencv_video310_visual2013_cuda75.lib
[CBI] ->              : opencv_videoio310_visual2013_cuda75.lib
[CBI] ->              : opencv_videostab310_visual2013_cuda75.lib

==================================================================================
[CBI] -> Target Name  : BilatTools_OpenCV_intel_64
[CBI] -> Location     : Q:/cedric.bilat/Targets/BilatTools_OpenCV/bin/BilatTools_OpenCV_intel_64.exe
[CBI] -> Deploy 	  : ../RELEASE/bin
[CBI] ->
[CBI] -> Type	 	  : EXE
[CBI] -> Arch	 	  : 64
[CBI] -> OS	 		  : Win
[CBI] -> User	 	  : cedric.bilat
[CBI] ->
[CBI] -> Compilateur  : INTEL (icl)
[CBI] -> Task	      : End Compiling-Linking !
[CBI] -> Time		  : 7 (s)
==================================================================================


[CBI] -> Deploying    : ../RELEASE/bin/BilatTools_OpenCV_intel_64.exe

[CBI] -> BilatTools_OpenCV_intel_64 : End ALL!


19:16:21 Build Finished (took 9s.891ms)

