19:14:16 **** Incremental Build of configuration CudaVisual_parallel for project BilatTools_Cuda ****
makeCudaVisual.bat jall 
init make
init API-EXT
init API-CBI

[CUDA VISUAL] : jall  


nvcc: NVIDIA (R) Cuda compiler driver
Copyright (c) 2005-2015 NVIDIA Corporation
Built on Tue_Aug_11_14:49:10_CDT_2015
Cuda compilation tools, release 7.5, V7.5.17

Microsoft (R) C/C++ Optimizing Compiler Version 18.00.30501 for x64
usage: cl [ option... ] filename... [ /link linkoption... ]
Copyright (C) Microsoft Corporation.  All rights reserved.



==================================================================================
[CBI] -> Target Name  : BilatTools_Cuda_visual_cuda_75_64
[CBI] ->
[CBI] -> Build        : Q:/cedric.bilat/Targets/BilatTools_Cuda/bin/BilatTools_Cuda_visual_cuda_75_64.exe
[CBI] -> Deploy       : ../RELEASE/bin
[CBI] ->
[CBI] -> Type	      : EXE
[CBI] -> Arch	      : 64
[CBI] -> OS	 		  : Win
[CBI] -> User	 	  : cedric.bilat
[CBI] ->
[CBI] -> Task		  : Compiling-Linking !
==================================================================================

[CBI] -> SRC AUX (Recursif) :
[CBI] ->
[CBI] ->              : ../BilatTools_CPP/src/core
[CBI] ->              : c:/Soft_API/ext/CppTest/112/LIB_STATIC/visual

[CBI] -> CXXFLAGS (Partial) :
[CBI] ->
[CBI] ->              : /openmp
[CBI] ->              : /MD
[CBI] ->              : /Ox
[CBI] ->              : /arch:AVX

[CBI] -> CXXLDFLAGS (Partial) :
[CBI] ->
[CBI] ->              : /NODEFAULTLIB:LIBCMT

[CBI] -> NVCCFLAGS (Partial) :
[CBI] ->
[CBI] ->              : --fmad=true
[CBI] ->              : -arch=sm_20
[CBI] ->              : -m64
[CBI] ->              : -use_fast_math

[CBI] -> NVCCLDFLAGS (Partial) :
[CBI] ->
[CBI] ->              : -arch=sm_20

[CBI] -> INC_PATH (auto detect):
[CBI] ->              : ../BilatTools_CPP/src/core/tools/header/
[CBI] ->              : ../BilatTools_CPP/src/core/tools/header/namespace_cpu/
[CBI] ->              : src/core/cudatools/header/both/
[CBI] ->              : src/core/cudatools/header/device/
[CBI] ->              : src/core/cudatools/header/device/curand/
[CBI] ->              : src/core/cudatools/header/device/reduction/
[CBI] ->              : src/core/cudatools/header/device/synchronisation/
[CBI] ->              : src/core/cudatools/header/host/
[CBI] ->              : src/core/cudatools/header/mixte/
[CBI] ->              : src/core/cudatools/nvidia/
[CBI] ->              : src/test/

[CBI] -> LIB_PATH (auto detect):
[CBI] ->              : c:/Soft_API/ext/CppTest/112/LIB_STATIC/visual/

[CBI] -> API_INC :
[CBI] ->              : C:/Soft/Cuda64/ToolKit/include
[CBI] ->              : c:/Soft_API/ext/CppTest/112/INC
[CBI] ->              : c:/Soft_API/ext/CppTest/112/INC/extension

[CBI] -> API_LIB :
[CBI] ->              : C:/Soft/Cuda64/ToolKit/lib/x64

[CBI] -> API_BIN :
[CBI] ->              : C:/Soft/Cuda64/ToolKit/bin
[CBI] ->              : C:/Soft/Cuda64/ToolKit/lib/x64

[CBI] -> API_LIBRARIES :
[CBI] ->              : OpenCL
[CBI] ->              : cublas
[CBI] ->              : cuda
[CBI] ->              : cudadevrt
[CBI] ->              : cudart
[CBI] ->              : cudart_static
[CBI] ->              : cufft
[CBI] ->              : cufftw
[CBI] ->              : curand
[CBI] ->              : cusparse
[CBI] ->              : nppc
[CBI] ->              : nppi
[CBI] ->              : npps
[CBI] ->              : nvblas
[CBI] ->              : nvcuvid

[CBI] -> Create folder  : Q:/cedric.bilat/Targets/BilatTools_Cuda/bin
[CBI] -> Create folder  : Q:/cedric.bilat/Targets/BilatTools_Cuda/obj
[CBI] -> Create folder  : Q:/cedric.bilat/Targets/BilatTools_Cuda/cubin

[CBI] -> Compilation parallel (6 threads)

cudaTools.obj
cudaTools.cpp
Grid.obj
Grid.cpp
Device.obj
Device.cpp
main.obj
main.cpp
mainCPP.obj
mainCPP.cpp
Options.obj
Options.cpp
Fps.obj
Fps.cpp
Progress.obj
Progress.cpp
StringTools.obj
StringTools.cpp
TabTools.obj
TabTools.cpp
Chrono.obj
Chrono.cpp
AleaTools.obj
AleaTools.cpp
LimitsTools.obj
LimitsTools.cpp
IndiceTools_CPU.obj
IndiceTools_CPU.cpp
ColorTools_CPU.obj
ColorTools_CPU.cpp
MathTools.obj
MathTools.cpp
mainCU.cu

[CBI] -> Linking to   : Q:/cedric.bilat/Targets/BilatTools_Cuda/bin/BilatTools_Cuda_visual_cuda_75_64.exe

[CBI] -> Library Link :
[CBI] ->
[CBI] ->              : -lCpp_Test_visual_64
[CBI] ->              : -lOpenCL
[CBI] ->              : -lcublas
[CBI] ->              : -lcuda
[CBI] ->              : -lcudadevrt
[CBI] ->              : -lcudart
[CBI] ->              : -lcudart_static
[CBI] ->              : -lcufft
[CBI] ->              : -lcufftw
[CBI] ->              : -lcurand
[CBI] ->              : -lcusparse
[CBI] ->              : -lnppc
[CBI] ->              : -lnppi
[CBI] ->              : -lnpps
[CBI] ->              : -lnvblas
[CBI] ->              : -lnvcuvid

cudaTools.obj
Grid.obj
Device.obj
Options.obj
main.obj
mainCPP.obj
StringTools.obj
Progress.obj
Fps.obj
TabTools.obj
Chrono.obj
AleaTools.obj
LimitsTools.obj
MathTools.obj
IndiceTools_CPU.obj
ColorTools_CPU.obj
mainCU.obj

==================================================================================
[CBI] -> Target Name  : BilatTools_Cuda_visual_cuda_75_64
[CBI] -> Location     : Q:/cedric.bilat/Targets/BilatTools_Cuda/bin/BilatTools_Cuda_visual_cuda_75_64.exe
[CBI] -> Deploy 	  : ../RELEASE/bin
[CBI] ->
[CBI] -> Type	 	  : EXE
[CBI] -> Arch	 	  : 64
[CBI] -> OS	 	      : Win
[CBI] -> User	 	  : cedric.bilat
[CBI] ->
[CBI] -> Compilateur  : VISUAL (cl) && NVIDIA (nvcc)
[CBI] -> Task		  : End Compiling-Linking !
[CBI] -> Time		  : 9 (s)
==================================================================================


[CBI] -> Deploying    : ../RELEASE/bin/BilatTools_Cuda_visual_cuda_75_64.exe

[CBI] -> BilatTools_Cuda_visual_cuda_75_64 : End ALL!


19:14:28 Build Finished (took 12s.329ms)

