16:20:36 **** Build of configuration Visual_parallel for project BilatTools_CPP ****
makeVisual.bat jall 
init make
init API-EXT
init API-CBI

[VISUAL] : jall  


usage: cl [ option... ] filename... [ /link linkoption... ]
Microsoft (R) C/C++ Optimizing Compiler Version 18.00.30501 for x64
Copyright (C) Microsoft Corporation.  All rights reserved.


==================================================================================
[CBI] -> Target Name  : BilatTools_CPP_visual_64
[CBI] ->
[CBI] -> Build     	  : Q:/cedric.bilat/Targets/BilatTools_CPP/bin/BilatTools_CPP_visual_64.exe
[CBI] -> Deploy       : ../RELEASE/bin
[CBI] ->
[CBI] -> Type	 	  : EXE
[CBI] -> Arch	 	  : 64
[CBI] -> OS	 		  : Win
[CBI] -> User	 	  : cedric.bilat
[CBI] ->
[CBI] -> Task		  : Compiling-Linking
==================================================================================

[CBI] -> SRC AUX (Recursif) :
[CBI] ->

[CBI] -> CXXFLAGS (Partial) :
[CBI] ->
[CBI] ->              : /EHsc
[CBI] ->              : /MD
[CBI] ->              : /Ox
[CBI] ->              : /arch:AVX
[CBI] ->              : /nologo
[CBI] ->              : /openmp

[CBI] -> LDFLAGS (Partial) :
[CBI] ->
[CBI] ->              : /link
[CBI] ->              : /nologo

[CBI] -> INC_PATH (auto detect):
[CBI] ->              : src/core/tools/header/
[CBI] ->              : src/core/tools/header/namespace_cpu/

[CBI] -> LIB_PATH (auto detect):

[CBI] -> API_INC :

[CBI] -> API_LIB :

[CBI] -> API_BIN :

[CBI] -> API_LIBRARIES :

[CBI] -> Create folder : Q:/cedric.bilat/Targets/BilatTools_CPP/bin
[CBI] -> Create folder : Q:/cedric.bilat/Targets/BilatTools_CPP/obj

[CBI] -> Compilation parallel (6 threads)

Command canceled

16:20:37 Build Cancelled (took 1s.515ms)

