13:02:00 **** Incremental Build of configuration MinGW_parallel for project BilatTools_Image ****
Info: Configuration "MinGW_parallel" uses tool-chain "MinGW GCC" that is unsupported on this system, attempting to build anyway.
makeMinGW.bat jall 
init make
init API-EXT
init API-CBI

[MINGW] : jall  

Set MinGW environement x64
 
g++ (x86_64-posix-seh-rev0, Built by MinGW-W64 project) 5.3.0
Copyright (C) 2015 Free Software Foundation, Inc.
This is free software; see the source for copying conditions.  There is NO
warranty; not even for MERCHANTABILITY or FITNESS FOR A PARTICULAR PURPOSE.

==================================================================================
[CBI] -> Target Name  : BilatTools_Image_mingw_64
[CBI] ->
[CBI] -> Build     	  : Q:/cedric.bilat/Targets/BilatTools_Image/bin/BilatTools_Image_mingw_64.exe
[CBI] -> Deploy       : ../RELEASE/bin
[CBI] ->
[CBI] -> Type	 	  : EXE
[CBI] -> Arch	 	  : 64
[CBI] -> OS	 		  : Win
[CBI] -> User	 	  : cedric.bilat
[CBI] ->
[CBI] -> Task		  : Compiling-Linking
==================================================================================

[CBI] -> SRC AUX (Recursif) :
[CBI] ->
[CBI] ->              : ../BilatTools_CPP/src/core
[CBI] ->              : ../BilatTools_OMP/src/core
[CBI] ->              : c:/Soft_API/CBI/fenetrage/201/Bilat_Fenetrage_Displayable/LIB/mingw
[CBI] ->              : c:/Soft_API/CBI/fenetrage/201/Bilat_Fenetrage_Displayable_GL/LIB/mingw
[CBI] ->              : c:/Soft_API/CBI/image/201/Bilat_Image_GL/LIB/mingw
[CBI] ->              : c:/Soft_API/CBI/opengl/201/Bilat_OpenGL_Tools/LIB/mingw

[CBI] -> CXXFLAGS (Partial) :
[CBI] ->
[CBI] ->              : -O3
[CBI] ->              : -fgcse
[CBI] ->              : -fomit-frame-pointer
[CBI] ->              : -fopenmp
[CBI] ->              : -frerun-loop-opt
[CBI] ->              : -march=native
[CBI] ->              : -std=c++11

[CBI] -> LDFLAGS (Partial) :
[CBI] ->

[CBI] -> INC_PATH (auto detect):
[CBI] ->              : ../BilatTools_CPP/src/core/tools/header/
[CBI] ->              : ../BilatTools_CPP/src/core/tools/header/namespace_cpu/
[CBI] ->              : ../BilatTools_OMP/src/core/OMP_Tools/header/
[CBI] ->              : src/core/tools/imp/
[CBI] ->              : src/core/tools/imp/api_animateur/
[CBI] ->              : src/core/tools/imp/api_image_link/
[CBI] ->              : src/core/tools/imp/api_viewer/
[CBI] ->              : src/core/tools/spec/

[CBI] -> LIB_PATH (auto detect):
[CBI] ->              : c:/Soft_API/CBI/fenetrage/201/Bilat_Fenetrage_Displayable/LIB/mingw/
[CBI] ->              : c:/Soft_API/CBI/fenetrage/201/Bilat_Fenetrage_Displayable_GL/LIB/mingw/
[CBI] ->              : c:/Soft_API/CBI/image/201/Bilat_Image_GL/LIB/mingw/
[CBI] ->              : c:/Soft_API/CBI/opengl/201/Bilat_OpenGL_Tools/LIB/mingw/

[CBI] -> API_INC :
[CBI] ->              : c:/Soft_API/CBI/fenetrage/201/Bilat_Fenetrage_Displayable/INC
[CBI] ->              : c:/Soft_API/CBI/fenetrage/201/Bilat_Fenetrage_Displayable/INC/primitives
[CBI] ->              : c:/Soft_API/CBI/fenetrage/201/Bilat_Fenetrage_Displayable_GL/INC
[CBI] ->              : c:/Soft_API/CBI/fenetrage/201/Bilat_Fenetrage_Displayable_GL/INC/primitives
[CBI] ->              : c:/Soft_API/CBI/image/201/Bilat_Image_GL/INC
[CBI] ->              : c:/Soft_API/CBI/image/201/Bilat_Image_GL/INC/common
[CBI] ->              : c:/Soft_API/CBI/image/201/Bilat_Image_GL/INC/cpu
[CBI] ->              : c:/Soft_API/CBI/image/201/Bilat_Image_GL/INC/extra
[CBI] ->              : c:/Soft_API/CBI/opengl/201/Bilat_OpenGL_Tools/INC
[CBI] ->              : c:/Soft_API/CBI/tools/201/dll/INC
[CBI] ->              : c:/Soft_API/ext/GL/001/INC

[CBI] -> API_LIB :
[CBI] ->              : c:/Soft_API/ext/GL/001/LIB/mingw

[CBI] -> API_BIN :
[CBI] ->              : c:/Soft_API/CBI/fenetrage/201/Bilat_Fenetrage_Displayable/BIN/mingw
[CBI] ->              : c:/Soft_API/CBI/fenetrage/201/Bilat_Fenetrage_Displayable_GL/BIN/mingw
[CBI] ->              : c:/Soft_API/CBI/image/201/Bilat_Image_GL/BIN/mingw
[CBI] ->              : c:/Soft_API/CBI/opengl/201/Bilat_OpenGL_Tools/BIN/mingw
[CBI] ->              : c:/Soft_API/ext/GL/001/BIN/visual

[CBI] -> API_LIBRARIES :
[CBI] ->              : gdi32
[CBI] ->              : glu32
[CBI] ->              : kernel32
[CBI] ->              : libglew64
[CBI] ->              : opengl32
[CBI] ->              : user32

[CBI] -> Create folder : Q:/cedric.bilat/Targets/BilatTools_Image/bin
[CBI] -> Create folder : Q:/cedric.bilat/Targets/BilatTools_Image/obj

[CBI] -> Compilation parallel (6 threads)

[BilatTools_Image_mingw_64] -> g++ compiling .cpp : src/main.cpp
[BilatTools_Image_mingw_64] -> g++ compiling .cpp : src/core/tools/imp/Settings_CPU.cpp
[BilatTools_Image_mingw_64] -> g++ compiling .cpp : ../BilatTools_CPP/src/core/tools/cpp/StringTools.cpp
[BilatTools_Image_mingw_64] -> g++ compiling .cpp : ../BilatTools_CPP/src/core/tools/cpp/Progress.cpp
[BilatTools_Image_mingw_64] -> g++ compiling .cpp : ../BilatTools_CPP/src/core/tools/cpp/Fps.cpp
[BilatTools_Image_mingw_64] -> g++ compiling .cpp : ../BilatTools_CPP/src/core/tools/cpp/TabTools.cpp
[BilatTools_Image_mingw_64] -> g++ compiling .cpp : ../BilatTools_CPP/src/core/tools/cpp/Chrono.cpp
[BilatTools_Image_mingw_64] -> g++ compiling .cpp : ../BilatTools_CPP/src/core/tools/cpp/AleaTools.cpp
[BilatTools_Image_mingw_64] -> g++ compiling .cpp : ../BilatTools_CPP/src/core/tools/cpp/LimitsTools.cpp
[BilatTools_Image_mingw_64] -> g++ compiling .cpp : ../BilatTools_CPP/src/core/tools/cpp/MathTools.cpp
[BilatTools_Image_mingw_64] -> g++ compiling .cpp : ../BilatTools_CPP/src/core/tools/cpp/namespace_cpu/ColorTools_CPU.cpp
[BilatTools_Image_mingw_64] -> g++ compiling .cpp : ../BilatTools_CPP/src/core/tools/cpp/namespace_cpu/IndiceTools_CPU.cpp
[BilatTools_Image_mingw_64] -> g++ compiling .cpp : ../BilatTools_OMP/src/core/OMP_Tools/cpp/OmpTools.cpp

[CBI] -> Linking to   : Q:/cedric.bilat/Targets/BilatTools_Image/bin/BilatTools_Image_mingw_64.exe

[CBI] -> Library Link :
[CBI] ->              : -lBilat_Fenetrage_Displayable_201_mingw_64
[CBI] ->              : -lBilat_Fenetrage_Displayable_GL_201_mingw_64
[CBI] ->              : -lBilat_Image_GL_201_mingw_64
[CBI] ->              : -lBilat_OpenGL_Tools_201_mingw_64
[CBI] ->              : -lgdi32
[CBI] ->              : -lglu32
[CBI] ->              : -lgomp
[CBI] ->              : -lkernel32
[CBI] ->              : -llibglew64
[CBI] ->              : -lopengl32
[CBI] ->              : -luser32

==================================================================================
[CBI] -> Target Name  : BilatTools_Image_mingw_64
[CBI] -> Location     : Q:/cedric.bilat/Targets/BilatTools_Image/bin/BilatTools_Image_mingw_64.exe
[CBI] -> Deploy 	  : ../RELEASE/bin
[CBI] ->
[CBI] -> Type	 	  : EXE
[CBI] -> Arch	 	  : 64
[CBI] -> OS	 		  : Win
[CBI] -> User	 	  : cedric.bilat
[CBI] ->
[CBI] -> Compilateur  : MINGW (g++)
[CBI] -> Task	      : End Compiling-Linking !
[CBI] -> Time		  : 2 (s)
==================================================================================


[CBI] -> Deploying    : ../RELEASE/bin/BilatTools_Image_mingw_64.exe

[CBI] -> BilatTools_Image_mingw_64 : End ALL!


13:02:05 Build Finished (took 4s.954ms)

