17:30:49 **** Clean-only build of configuration IntelLinux_parallel for project Student_OMP_Image ****
makeIntelLinux.sh clean 

--------------------------------------------------------
[Runtime] : intel x86
--------------------------------------------------------

[Runtime] : Cuda  : /usr/local/cuda/lib64
[Runtime] : Cula  : /usr/local/cula/lib64
[Runtime] : MKL   : /opt/intel/mkl/lib/intel64
[Runtime] : Intel : /opt/intel

[Runtime] : GL/GLEW/GLU
[Runtime] : FreeGlut
[Runtime] : Java (JNI)
[Runtime] : X11

[Runtime] : BOOST   : /opt/api/ext/boost/[user-version]/lib/intel
[Runtime] : OpenCV  : /opt/api/ext/opencv/[user-version]/lib
[Runtime] : CppTest : /opt/api/ext/cpptest/[user-version]/LIB-STATIC/intel
[Runtime] : gphoto2  : /opt/api/ext/gphoto2/[user-version]/lib

[Runtime] : bilat_tools
[Runtime] : bilat_fenetrage
[Runtime] : bilat_opengl
[Runtime] : bilat_image
[Runtime] : bilat_graphe2d
[Runtime] : bilat_multicourbe_cuda
[Runtime] : bilat_surface

--------------------------------------------------------
[Runtime] : intel x86 : Ready!
--------------------------------------------------------


[INTEL] : clean

icpc (ICC) 15.0.3 20150407
Copyright (C) 1985-2015 Intel Corporation.  All rights reserved.


==================================================================================
[CBI] -> Target            : Student_OMP_Image_intel_x86_64
[CBI] -> Task			   : DELETE
[CBI] ->
[CBI] -> Delete .obj       : /tmp/ramdrive/arc16/Targets/Student_OMP_Image/obj
[CBI] -> Delete .bin       : /tmp/ramdrive/arc16/Targets/Student_OMP_Image/bin
[CBI] -> Delete doc        : /tmp/ramdrive/arc16/Targets/Student_OMP_Image/doc
[CBI] ->
[CBI] -> Delete deploy     : ../RELEASE/bin/Student_OMP_Image_intel_x86_64.run
[CBI] -> Delete deploy doc : ../RELEASE/doc/Student_OMP_Image_intel_x86_64.doc.tar.gz
==================================================================================


17:30:49 Build Finished (took 321ms)

