17:30:51 **** Clean-only build of configuration GCC_parallel for project Tuto_NameSpaces ****
makeGCC.sh clean 

--------------------------------------------------------
[Runtime] : gcc x86
--------------------------------------------------------

[Runtime] : Cuda  : /usr/local/cuda/lib64
[Runtime] : Cula  : /usr/local/cula/lib64
[Runtime] : MKL   : /opt/intel/mkl/lib/intel64

[Runtime] : GL/GLEW/GLU
[Runtime] : FreeGlut
[Runtime] : Java (JNI)
[Runtime] : X11

[Runtime] : BOOST   : /opt/api/ext/boost/[user-version]/lib/gcc
[Runtime] : OpenCV  : /opt/api/ext/opencv/[user-version]/lib
[Runtime] : CppTest : /opt/api/ext/cpptest/[user-version]/LIB-STATIC/gcc
[Runtime] : gphoto2  : /opt/api/ext/gphoto2/[user-version]/lib

[Runtime] : bilat_tools
[Runtime] : bilat_fenetrage
[Runtime] : bilat_opengl
[Runtime] : bilat_image
[Runtime] : bilat_graphe2d
[Runtime] : bilat_multicourbe_cuda
[Runtime] : bilat_surface

--------------------------------------------------------
[Runtime] : gcc x86 : Ready!
--------------------------------------------------------


g++ (Ubuntu 4.8.4-2ubuntu1~14.04.1) 4.8.4
Copyright (C) 2013 Free Software Foundation, Inc.
This is free software; see the source for copying conditions.  There is NO
warranty; not even for MERCHANTABILITY or FITNESS FOR A PARTICULAR PURPOSE.


[Make] : GCC : clean


==================================================================================
[CBI] -> Target            : Tuto_NameSpace_gcc_x86_64
[CBI] -> Task			   : DELETE
[CBI] ->
[CBI] -> Delete .obj       : /tmp/ramdrive/arc16/Targets/Tuto_NameSpace/obj
[CBI] -> Delete .bin       : /tmp/ramdrive/arc16/Targets/Tuto_NameSpace/bin
[CBI] -> Delete doc        : /tmp/ramdrive/arc16/Targets/Tuto_NameSpace/doc
[CBI] ->
[CBI] -> Delete deploy     : ../RELEASE/bin/Tuto_NameSpace_gcc_x86_64.run
[CBI] -> Delete deploy doc : ../RELEASE/doc/Tuto_NameSpace_gcc_x86_64.doc.tar.gz
==================================================================================


17:30:51 Build Finished (took 174ms)

