10:51:02 **** Build of configuration MinGW_parallel for project Tuto_OpenCV ****
Info: Configuration "MinGW_parallel" uses tool-chain "MinGW GCC" that is unsupported on this system, attempting to build anyway.
makeMinGW.bat jall 
init make
init API-EXT
init API-CBI

[MINGW] : jall  

Set MinGW environement x64
 
g++ (x86_64-posix-seh-rev0, Built by MinGW-W64 project) 5.3.0
Copyright (C) 2015 Free Software Foundation, Inc.
This is free software; see the source for copying conditions.  There is NO
warranty; not even for MERCHANTABILITY or FITNESS FOR A PARTICULAR PURPOSE.

==================================================================================
[CBI] -> Target Name  : Tuto_OpenCV_mingw_64
[CBI] ->
[CBI] -> Build     	  : Q:/bilat/Targets/Tuto_OpenCV/bin/Tuto_OpenCV_mingw_64.exe
[CBI] -> Deploy       : ../RELEASE/bin
[CBI] ->
[CBI] -> Type	 	  : EXE
[CBI] -> Arch	 	  : 64
[CBI] -> OS	 		  : Win
[CBI] -> User	 	  : bilat
[CBI] ->
[CBI] -> Task		  : Compiling-Linking
==================================================================================

[CBI] -> SRC AUX (Recursif) :
[CBI] ->
[CBI] ->              : ../BilatTools_CPP/src/core
[CBI] ->              : ../BilatTools_Cuda_smart_switch/src/core
[CBI] ->              : ../BilatTools_OpenCV/src

[CBI] -> CXXFLAGS (Partial) :
[CBI] ->
[CBI] ->              : -DCBI_NO_CUDA
[CBI] ->              : -O3
[CBI] ->              : -fgcse
[CBI] ->              : -fomit-frame-pointer
[CBI] ->              : -fopenmp
[CBI] ->              : -frerun-loop-opt
[CBI] ->              : -march=native
[CBI] ->              : -std=c++11

[CBI] -> LDFLAGS (Partial) :
[CBI] ->

[CBI] -> INC_PATH (auto detect):
[CBI] ->              : ../BilatTools_CPP/src/core/tools/header/
[CBI] ->              : ../BilatTools_CPP/src/core/tools/header/namespace_cpu/
[CBI] ->              : ../BilatTools_Cuda_smart_switch/src/core/common/
[CBI] ->              : ../BilatTools_Cuda_smart_switch/src/core/switch/header/Image_FreeGlut/
[CBI] ->              : ../BilatTools_Cuda_smart_switch/src/core/switch/header/Image_GL/
[CBI] ->              : ../BilatTools_Cuda_smart_switch/src/core/switch/header/Image_GL/indirect/
[CBI] ->              : ../BilatTools_Cuda_smart_switch/src/core/switch/header/Image_Jni/
[CBI] ->              : ../BilatTools_Cuda_smart_switch/src/core/switch/header/tools_GPU/
[CBI] ->              : ../BilatTools_Cuda_smart_switch/src/core/switch/header/tools_switch/
[CBI] ->              : ../BilatTools_Cuda_smart_switch/src/core/switch/header/type/
[CBI] ->              : ../BilatTools_OpenCV/src/core/capture/
[CBI] ->              : ../BilatTools_OpenCV/src/core/capture/video/
[CBI] ->              : ../BilatTools_OpenCV/src/core/capture/webcam/
[CBI] ->              : ../BilatTools_OpenCV/src/core/show/shapeOverlay/
[CBI] ->              : ../BilatTools_OpenCV/src/core/show/shapeOverlay/appearance/
[CBI] ->              : ../BilatTools_OpenCV/src/core/show/shapeOverlay/drawer/
[CBI] ->              : ../BilatTools_OpenCV/src/core/show/shapeOverlay/shape/
[CBI] ->              : ../BilatTools_OpenCV/src/core/show/view/
[CBI] ->              : ../BilatTools_OpenCV/src/core/show/view/viewer/
[CBI] ->              : ../BilatTools_OpenCV/src/core/show/view/viewerMat/
[CBI] ->              : ../BilatTools_OpenCV/src/core/tools/

[CBI] -> LIB_PATH (auto detect):

[CBI] -> API_INC :
[CBI] ->              : c:/Soft_API/ext/OpenCV/2411/include
[CBI] ->              : c:/Soft_API/ext/OpenCV/2411/include/opencv2
[CBI] ->              : c:/Soft_API/ext/OpenCV/2411/include/opencv2/core
[CBI] ->              : c:/Soft_API/ext/OpenCV/2411/include/opencv2/flann
[CBI] ->              : c:/Soft_API/ext/OpenCV/2411/include/opencv2/highgui
[CBI] ->              : c:/Soft_API/ext/OpenCV/2411/include/opencv2/imgproc
[CBI] ->              : c:/Soft_API/ext/OpenCV/2411/include/opencv2/video

[CBI] -> API_LIB :
[CBI] ->              : c:/Soft_API/ext/OpenCV/2411/mingw/lib

[CBI] -> API_BIN :
[CBI] ->              : c:/Soft_API/ext/OpenCV/2411/mingw/bin

[CBI] -> API_LIBRARIES :
[CBI] ->              : opencv_calib3d2411_mingw510
[CBI] ->              : opencv_contrib2411_mingw510
[CBI] ->              : opencv_core2411_mingw510
[CBI] ->              : opencv_features2d2411_mingw510
[CBI] ->              : opencv_flann2411_mingw510
[CBI] ->              : opencv_gpu2411_mingw510
[CBI] ->              : opencv_highgui2411_mingw510
[CBI] ->              : opencv_imgproc2411_mingw510
[CBI] ->              : opencv_legacy2411_mingw510
[CBI] ->              : opencv_ml2411_mingw510
[CBI] ->              : opencv_nonfree2411_mingw510
[CBI] ->              : opencv_objdetect2411_mingw510
[CBI] ->              : opencv_ocl2411_mingw510
[CBI] ->              : opencv_photo2411_mingw510
[CBI] ->              : opencv_stitching2411_mingw510
[CBI] ->              : opencv_superres2411_mingw510
[CBI] ->              : opencv_video2411_mingw510
[CBI] ->              : opencv_videostab2411_mingw510


[CBI] -> Compilation parallel (6 threads)

[Tuto_OpenCV_mingw_64] -> g++ compiling .cpp : src/cpp/main.cpp
[Tuto_OpenCV_mingw_64] -> g++ compiling .cpp : ../BilatTools_CPP/src/core/tools/cpp/StringTools.cpp
[Tuto_OpenCV_mingw_64] -> g++ compiling .cpp : ../BilatTools_CPP/src/core/tools/cpp/Fps.cpp
[Tuto_OpenCV_mingw_64] -> g++ compiling .cpp : ../BilatTools_CPP/src/core/tools/cpp/TabTools.cpp
[Tuto_OpenCV_mingw_64] -> g++ compiling .cpp : ../BilatTools_CPP/src/core/tools/cpp/Chrono.cpp
[Tuto_OpenCV_mingw_64] -> g++ compiling .cpp : ../BilatTools_CPP/src/core/tools/cpp/AleaTools.cpp
[Tuto_OpenCV_mingw_64] -> g++ compiling .cpp : ../BilatTools_CPP/src/core/tools/cpp/LimitsTools.cpp
[Tuto_OpenCV_mingw_64] -> g++ compiling .cpp : ../BilatTools_CPP/src/core/tools/cpp/VariateurF.cpp
[Tuto_OpenCV_mingw_64] -> g++ compiling .cpp : ../BilatTools_CPP/src/core/tools/cpp/VariateurI.cpp
[Tuto_OpenCV_mingw_64] -> g++ compiling .cpp : ../BilatTools_CPP/src/core/tools/cpp/MathTools.cpp
[Tuto_OpenCV_mingw_64] -> g++ compiling .cpp : ../BilatTools_CPP/src/core/tools/cpp/namespace_cpu/IndiceTools_CPU.cpp
[Tuto_OpenCV_mingw_64] -> g++ compiling .cpp : ../BilatTools_CPP/src/core/tools/cpp/namespace_cpu/ColorTools_CPU.cpp
[Tuto_OpenCV_mingw_64] -> g++ compiling .cpp : ../BilatTools_OpenCV/src/core/capture/video/CVCaptureVideo.cpp
[Tuto_OpenCV_mingw_64] -> g++ compiling .cpp : ../BilatTools_OpenCV/src/core/capture/webcam/CVCaptureWebcam.cpp
[Tuto_OpenCV_mingw_64] -> g++ compiling .cpp : ../BilatTools_OpenCV/src/core/show/shapeOverlay/appearance/AppearanceShape.cpp
[Tuto_OpenCV_mingw_64] -> g++ compiling .cpp : ../BilatTools_OpenCV/src/core/show/shapeOverlay/drawer/ShapeDrawer.cpp
[Tuto_OpenCV_mingw_64] -> g++ compiling .cpp : ../BilatTools_OpenCV/src/core/show/shapeOverlay/drawer/LineDrawer.cpp
[Tuto_OpenCV_mingw_64] -> g++ compiling .cpp : ../BilatTools_OpenCV/src/core/show/shapeOverlay/drawer/ShapeDrawerTransparant.cpp
[Tuto_OpenCV_mingw_64] -> g++ compiling .cpp : ../BilatTools_OpenCV/src/core/show/shapeOverlay/shape/Polygon.cpp
[Tuto_OpenCV_mingw_64] -> g++ compiling .cpp : ../BilatTools_OpenCV/src/core/show/shapeOverlay/shape/ShapeGroup.cpp
[Tuto_OpenCV_mingw_64] -> g++ compiling .cpp : ../BilatTools_OpenCV/src/core/show/shapeOverlay/shape/Rectangle.cpp
[Tuto_OpenCV_mingw_64] -> g++ compiling .cpp : ../BilatTools_OpenCV/src/core/show/shapeOverlay/shape/Shape.cpp
[Tuto_OpenCV_mingw_64] -> g++ compiling .cpp : ../BilatTools_OpenCV/src/core/show/shapeOverlay/shape/Circle.cpp
[Tuto_OpenCV_mingw_64] -> g++ compiling .cpp : ../BilatTools_OpenCV/src/core/show/shapeOverlay/shape/Line.cpp
[Tuto_OpenCV_mingw_64] -> g++ compiling .cpp : ../BilatTools_OpenCV/src/core/show/shapeOverlay/shape/Triangle.cpp
[Tuto_OpenCV_mingw_64] -> g++ compiling .cpp : ../BilatTools_OpenCV/src/core/show/view/FactoryImageViewer.cpp
[Tuto_OpenCV_mingw_64] -> g++ compiling .cpp : ../BilatTools_OpenCV/src/core/show/view/viewer/CVViewerUcharBGR.cpp
[Tuto_OpenCV_mingw_64] -> g++ compiling .cpp : ../BilatTools_OpenCV/src/core/show/view/viewerMat/CVViewerMatBGR.cpp
[Tuto_OpenCV_mingw_64] -> g++ compiling .cpp : ../BilatTools_OpenCV/src/core/tools/OpencvTools.cpp
[Tuto_OpenCV_mingw_64] -> g++ compiling .cpp : ../BilatTools_OpenCV/src/tuto/capture/useWebcam.cpp
[Tuto_OpenCV_mingw_64] -> g++ compiling .cpp : ../BilatTools_OpenCV/src/tuto/capture/useVideo.cpp
[Tuto_OpenCV_mingw_64] -> g++ compiling .cpp : ../BilatTools_OpenCV/src/tuto/capture/useCapture.cpp
[Tuto_OpenCV_mingw_64] -> g++ compiling .cpp : ../BilatTools_OpenCV/src/tuto/shapeOverlay/useShapeOverlay.cpp
[Tuto_OpenCV_mingw_64] -> g++ compiling .cpp : ../BilatTools_OpenCV/src/tuto/shapeOverlay/03_tuto_transparance.cpp
[Tuto_OpenCV_mingw_64] -> g++ compiling .cpp : ../BilatTools_OpenCV/src/tuto/shapeOverlay/02_tuto_all_shape.cpp
[Tuto_OpenCV_mingw_64] -> g++ compiling .cpp : ../BilatTools_OpenCV/src/tuto/shapeOverlay/04_tuto_bigline.cpp
[Tuto_OpenCV_mingw_64] -> g++ compiling .cpp : ../BilatTools_OpenCV/src/tuto/shapeOverlay/01_tuto_simple.cpp

[CBI] -> Linking to   : Q:/bilat/Targets/Tuto_OpenCV/bin/Tuto_OpenCV_mingw_64.exe

[CBI] -> Library Link :
[CBI] ->              : -lgomp
[CBI] ->              : -lopencv_calib3d2411_mingw510
[CBI] ->              : -lopencv_contrib2411_mingw510
[CBI] ->              : -lopencv_core2411_mingw510
[CBI] ->              : -lopencv_features2d2411_mingw510
[CBI] ->              : -lopencv_flann2411_mingw510
[CBI] ->              : -lopencv_gpu2411_mingw510
[CBI] ->              : -lopencv_highgui2411_mingw510
[CBI] ->              : -lopencv_imgproc2411_mingw510
[CBI] ->              : -lopencv_legacy2411_mingw510
[CBI] ->              : -lopencv_ml2411_mingw510
[CBI] ->              : -lopencv_nonfree2411_mingw510
[CBI] ->              : -lopencv_objdetect2411_mingw510
[CBI] ->              : -lopencv_ocl2411_mingw510
[CBI] ->              : -lopencv_photo2411_mingw510
[CBI] ->              : -lopencv_stitching2411_mingw510
[CBI] ->              : -lopencv_superres2411_mingw510
[CBI] ->              : -lopencv_video2411_mingw510
[CBI] ->              : -lopencv_videostab2411_mingw510

==================================================================================
[CBI] -> Target Name  : Tuto_OpenCV_mingw_64
[CBI] -> Location     : Q:/bilat/Targets/Tuto_OpenCV/bin/Tuto_OpenCV_mingw_64.exe
[CBI] -> Deploy 	  : ../RELEASE/bin
[CBI] ->
[CBI] -> Type	 	  : EXE
[CBI] -> Arch	 	  : 64
[CBI] -> OS	 		  : Win
[CBI] -> User	 	  : bilat
[CBI] ->
[CBI] -> Compilateur  : MINGW (g++)
[CBI] -> Task	      : End Compiling-Linking !
[CBI] -> Time		  : 9 (s)
==================================================================================


[CBI] -> Deploying    : ../RELEASE/bin/Tuto_OpenCV_mingw_64.exe

[CBI] -> Tuto_OpenCV_mingw_64 : End ALL!


10:51:14 Build Finished (took 12s.198ms)

