09:30:30 **** Build of configuration GCC_parallel for project Tuto_Graphe_GL ****
makeGCC.sh jall 

--------------------------------------------------------
[Runtime] : gcc x86
--------------------------------------------------------

[Runtime] : Cuda  : /usr/local/cuda/lib64
[Runtime] : Cula  : /usr/local/cula/lib64
[Runtime] : MKL   : /opt/intel/mkl/lib/intel64

[Runtime] : GL/GLEW/GLU
[Runtime] : FreeGlut
[Runtime] : Java (JNI)
[Runtime] : X11

[Runtime] : BOOST   : /opt/api/ext/boost/[user-version]/lib/gcc
[Runtime] : OpenCV  : /opt/api/ext/opencv/[user-version]/lib
[Runtime] : CppTest : /opt/api/ext/cpptest/[user-version]/LIB-STATIC/gcc

[Runtime] : bilat_tools
[Runtime] : bilat_fenetrage
[Runtime] : bilat_opengl
[Runtime] : bilat_image
[Runtime] : bilat_graphe2d
[Runtime] : bilat_multicourbe_cuda
[Runtime] : bilat_surface

--------------------------------------------------------
[Runtime] : gcc x86 : Ready!
--------------------------------------------------------


g++ (Ubuntu 4.8.4-2ubuntu1~14.04) 4.8.4
Copyright (C) 2013 Free Software Foundation, Inc.
This is free software; see the source for copying conditions.  There is NO
warranty; not even for MERCHANTABILITY or FITNESS FOR A PARTICULAR PURPOSE.


[Make] : GCC : jall

==================================================================================
[CBI] -> Target Name  : Tuto_Graphe_gcc_x86_64
[CBI] ->
[CBI] -> Build     	  : /tmp/ramdrive/bilat/Targets/Tuto_Graphe/bin/Tuto_Graphe_gcc_x86_64.run
[CBI] -> Deploy       : ../RELEASE/bin
[CBI] ->
[CBI] -> Type	 	  : EXE
[CBI] -> Arch	 	  : x86_64
[CBI] -> OS	 		  : Linux
[CBI] -> User	 	  : bilat
[CBI] ->
[CBI] -> Task		  : Compiling-Linking
==================================================================================

[CBI] -> SRC AUX (Recursif) :
[CBI] ->
[CBI] ->              : /opt/api/cbi/fenetrage/201/Bilat_Fenetrage_Displayable/BIN/gcc
[CBI] ->              : /opt/api/cbi/fenetrage/201/Bilat_Fenetrage_FreeGlut_Tools/BIN/gcc
[CBI] ->              : /opt/api/cbi/graph2d/201/Bilat_Graph2D_FreeGlut/BIN/gcc
[CBI] ->              : /opt/api/cbi/graph2d/201/Bilat_Graph2D_GL/BIN/gcc
[CBI] ->              : /opt/api/cbi/opengl/201/Bilat_OpenGL_Tools/BIN/gcc
[CBI] ->              : /opt/api/ext/boost/158/lib_static/gcc

[CBI] -> CXXFLAGS (Partial) :
[CBI] ->
[CBI] ->              : -DCBI_GRAPH_DLL
[CBI] ->              : -O3
[CBI] ->              : -fomit-frame-pointer
[CBI] ->              : -fopenmp
[CBI] ->              : -frerun-loop-opt
[CBI] ->              : -march=native
[CBI] ->              : -std=c++11

[CBI] -> LDFLAGS (Partial) :
[CBI] ->

[CBI] -> INC_PATH (auto detect):
[CBI] ->              : src/exemples/00_tools/
[CBI] ->              : src/exemples/01_static/01_discret_curve/01_graphe/
[CBI] ->              : src/exemples/01_static/01_discret_curve/02_glut/
[CBI] ->              : src/exemples/01_static/02_analytique_curve/01_graphe/
[CBI] ->              : src/exemples/01_static/02_analytique_curve/01_graphe/curve/
[CBI] ->              : src/exemples/01_static/02_analytique_curve/02_glut/
[CBI] ->              : src/exemples/01_static/03_lignes/01_graphe/
[CBI] ->              : src/exemples/01_static/03_lignes/02_glut/
[CBI] ->              : src/exemples/01_static/04_polylines/01_graphe/
[CBI] ->              : src/exemples/01_static/04_polylines/02_glut/
[CBI] ->              : src/exemples/01_static/05_nuage_points/01_graphe/
[CBI] ->              : src/exemples/01_static/05_nuage_points/02_glut/
[CBI] ->              : src/exemples/01_static/06_histogram/01_graphe/
[CBI] ->              : src/exemples/01_static/06_histogram/02_glut/
[CBI] ->              : src/exemples/01_static/07_histogram_density/01_graphe/
[CBI] ->              : src/exemples/01_static/07_histogram_density/01_graphe/curve/
[CBI] ->              : src/exemples/01_static/07_histogram_density/02_glut/
[CBI] ->              : src/exemples/01_static/08_parametric_curve/01_graphe/
[CBI] ->              : src/exemples/01_static/08_parametric_curve/01_graphe/curve/
[CBI] ->              : src/exemples/01_static/08_parametric_curve/02_glut/
[CBI] ->              : src/exemples/02_animation/02_animated_MultiThread/02_glut_tools/
[CBI] ->              : src/exemples/02_animation/02_animated_MultiThread/03_glut/
[CBI] ->              : src/exemples/02_animation/03_animation_Manuel/02_glut/

[CBI] -> LIB_PATH (auto detect):
[CBI] ->              : /opt/api/cbi/fenetrage/201/Bilat_Fenetrage_Displayable/BIN/gcc/
[CBI] ->              : /opt/api/cbi/fenetrage/201/Bilat_Fenetrage_FreeGlut_Tools/BIN/gcc/
[CBI] ->              : /opt/api/cbi/graph2d/201/Bilat_Graph2D_FreeGlut/BIN/gcc/
[CBI] ->              : /opt/api/cbi/graph2d/201/Bilat_Graph2D_GL/BIN/gcc/
[CBI] ->              : /opt/api/cbi/opengl/201/Bilat_OpenGL_Tools/BIN/gcc/

[CBI] -> API_INC :
[CBI] ->              : /opt/api/cbi/fenetrage/201/Bilat_Fenetrage_Displayable/INC
[CBI] ->              : /opt/api/cbi/fenetrage/201/Bilat_Fenetrage_Displayable/INC/primitives
[CBI] ->              : /opt/api/cbi/fenetrage/201/Bilat_Fenetrage_FreeGlut_Tools/INC
[CBI] ->              : /opt/api/cbi/graph2d/201/Bilat_Graph2D_FreeGlut/INC
[CBI] ->              : /opt/api/cbi/graph2d/201/Bilat_Graph2D_FreeGlut/INC/freeglut
[CBI] ->              : /opt/api/cbi/graph2d/201/Bilat_Graph2D_GL/INC
[CBI] ->              : /opt/api/cbi/graph2d/201/Bilat_Graph2D_GL/INC/model
[CBI] ->              : /opt/api/cbi/graph2d/201/Bilat_Graph2D_GL/INC/view
[CBI] ->              : /opt/api/cbi/opengl/201/Bilat_OpenGL_Tools/INC
[CBI] ->              : /opt/api/cbi/tools/201/Bilat_tools_dll/INC
[CBI] ->              : /opt/api/ext/boost/158/include
[CBI] ->              : /usr/include/X11

[CBI] -> API_LIB :
[CBI] ->              : /usr/lib/x86_64-linux-gnu

[CBI] -> API_BIN :
[CBI] ->              : /opt/api/cbi/fenetrage/201/Bilat_Fenetrage_Displayable/BIN/gcc
[CBI] ->              : /opt/api/cbi/fenetrage/201/Bilat_Fenetrage_FreeGlut_Tools/BIN/gcc
[CBI] ->              : /opt/api/cbi/graph2d/201/Bilat_Graph2D_FreeGlut/BIN/gcc
[CBI] ->              : /opt/api/cbi/graph2d/201/Bilat_Graph2D_GL/BIN/gcc
[CBI] ->              : /opt/api/cbi/opengl/201/Bilat_OpenGL_Tools/BIN/gcc

[CBI] -> API_LIBRARIES :
[CBI] ->              : GL
[CBI] ->              : GLEW
[CBI] ->              : GLU
[CBI] ->              : X11
[CBI] ->              : pthread

[CBI] -> Create folder : /tmp/ramdrive/bilat/Targets/Tuto_Graphe/bin
[CBI] -> Create folder : /tmp/ramdrive/bilat/Targets/Tuto_Graphe/obj

[CBI] -> Compilation parallel (12 threads)

[Tuto_Graphe_gcc_x86_64] -> g++ compiling .cpp : src/main.cpp
[Tuto_Graphe_gcc_x86_64] -> g++ compiling .cpp : src/exemples/01_static/07_histogram_density/01_graphe/HistoAdjustGraphe.cpp
[Tuto_Graphe_gcc_x86_64] -> g++ compiling .cpp : src/exemples/01_static/07_histogram_density/01_graphe/curve/GaussCurve.cpp
[Tuto_Graphe_gcc_x86_64] -> g++ compiling .cpp : src/exemples/01_static/07_histogram_density/02_glut/HistoAdjustGlut.cpp
[Tuto_Graphe_gcc_x86_64] -> g++ compiling .cpp : src/exemples/01_static/06_histogram/01_graphe/HistoGraphe.cpp
[Tuto_Graphe_gcc_x86_64] -> g++ compiling .cpp : src/exemples/01_static/06_histogram/02_glut/HistoGlut.cpp
[Tuto_Graphe_gcc_x86_64] -> g++ compiling .cpp : src/exemples/01_static/01_discret_curve/01_graphe/DiscretCurveGraph.cpp
[Tuto_Graphe_gcc_x86_64] -> g++ compiling .cpp : src/exemples/01_static/01_discret_curve/02_glut/DiscretCurveGlut.cpp
[Tuto_Graphe_gcc_x86_64] -> g++ compiling .cpp : src/exemples/01_static/05_nuage_points/01_graphe/NuagesPointsGraphe.cpp
[Tuto_Graphe_gcc_x86_64] -> g++ compiling .cpp : src/exemples/01_static/05_nuage_points/02_glut/NuagePointGlut.cpp
[Tuto_Graphe_gcc_x86_64] -> g++ compiling .cpp : src/exemples/01_static/04_polylines/01_graphe/PolylinesGraphe.cpp
[Tuto_Graphe_gcc_x86_64] -> g++ compiling .cpp : src/exemples/01_static/04_polylines/02_glut/PolyligneGlut.cpp
[Tuto_Graphe_gcc_x86_64] -> g++ compiling .cpp : src/exemples/01_static/08_parametric_curve/01_graphe/SpiraleGraphe.cpp
[Tuto_Graphe_gcc_x86_64] -> g++ compiling .cpp : src/exemples/01_static/08_parametric_curve/01_graphe/curve/SpiraleCurve.cpp
[Tuto_Graphe_gcc_x86_64] -> g++ compiling .cpp : src/exemples/01_static/08_parametric_curve/02_glut/SpiraleGlut.cpp
[Tuto_Graphe_gcc_x86_64] -> g++ compiling .cpp : src/exemples/01_static/03_lignes/01_graphe/LinesGraphe.cpp
[Tuto_Graphe_gcc_x86_64] -> g++ compiling .cpp : src/exemples/01_static/03_lignes/02_glut/LinesGlut.cpp
[Tuto_Graphe_gcc_x86_64] -> g++ compiling .cpp : src/exemples/01_static/02_analytique_curve/01_graphe/SinusGraphe.cpp
[Tuto_Graphe_gcc_x86_64] -> g++ compiling .cpp : src/exemples/01_static/02_analytique_curve/02_glut/SinusGlut.cpp
[Tuto_Graphe_gcc_x86_64] -> g++ compiling .cpp : src/exemples/02_animation/02_animated_MultiThread/02_glut_tools/GLUTMultithreadWindow.cpp
[Tuto_Graphe_gcc_x86_64] -> g++ compiling .cpp : src/exemples/02_animation/02_animated_MultiThread/03_glut/SinusAnimatedGlut.cpp
[Tuto_Graphe_gcc_x86_64] -> g++ compiling .cpp : src/exemples/02_animation/03_animation_Manuel/02_glut/AnimateManuelGlut.cpp

[CBI] -> Linking to   : /tmp/ramdrive/bilat/Targets/Tuto_Graphe/bin/Tuto_Graphe_gcc_x86_64.run

[CBI] -> Library Link :
[CBI] ->              : -L/usr/lib/x86_64-linux-gnu
[CBI] ->              : -lBilat_Fenetrage_Displayable_201_gcc_x86_64
[CBI] ->              : -lBilat_Fenetrage_FreeGlut_Tools_201_gcc_x86_64
[CBI] ->              : -lBilat_Graph2D_Freeglut_201_gcc_x86_64
[CBI] ->              : -lBilat_Graph2D_GL_201_gcc_x86_64
[CBI] ->              : -lBilat_OpenGL_Tools_201_gcc_x86_64
[CBI] ->              : -lGL
[CBI] ->              : -lGLEW
[CBI] ->              : -lGLU
[CBI] ->              : -lX11
[CBI] ->              : -lboost_atomic-gcc48
[CBI] ->              : -lboost_chrono-gcc48
[CBI] ->              : -lboost_container-gcc48
[CBI] ->              : -lboost_context-gcc48
[CBI] ->              : -lboost_coroutine-gcc48
[CBI] ->              : -lboost_date_time-gcc48
[CBI] ->              : -lboost_exception-gcc48
[CBI] ->              : -lboost_filesystem-gcc48
[CBI] ->              : -lboost_graph-gcc48
[CBI] ->              : -lboost_locale-gcc48
[CBI] ->              : -lboost_log-gcc48
[CBI] ->              : -lboost_log_setup-gcc48
[CBI] ->              : -lboost_math_c99-gcc48
[CBI] ->              : -lboost_math_c99f-gcc48
[CBI] ->              : -lboost_math_c99l-gcc48
[CBI] ->              : -lboost_math_tr1-gcc48
[CBI] ->              : -lboost_math_tr1f-gcc48
[CBI] ->              : -lboost_math_tr1l-gcc48
[CBI] ->              : -lboost_prg_exec_monitor-gcc48
[CBI] ->              : -lboost_program_options-gcc48
[CBI] ->              : -lboost_random-gcc48
[CBI] ->              : -lboost_regex-gcc48
[CBI] ->              : -lboost_serialization-gcc48
[CBI] ->              : -lboost_signals-gcc48
[CBI] ->              : -lboost_system-gcc48
[CBI] ->              : -lboost_test_exec_monitor-gcc48
[CBI] ->              : -lboost_thread-gcc48
[CBI] ->              : -lboost_timer-gcc48
[CBI] ->              : -lboost_unit_test_framework-gcc48
[CBI] ->              : -lboost_wave-gcc48
[CBI] ->              : -lboost_wserialization-gcc48
[CBI] ->              : -lglut
[CBI] ->              : -lgomp
[CBI] ->              : -lpthread

==================================================================================
[CBI] -> Target Name  : Tuto_Graphe_gcc_x86_64
[CBI] -> Location     : /tmp/ramdrive/bilat/Targets/Tuto_Graphe/bin/Tuto_Graphe_gcc_x86_64.run
[CBI] -> Deploy 	  : ../RELEASE/bin
[CBI] ->
[CBI] -> Type	 	  : EXE
[CBI] -> Arch	 	  : x86_64
[CBI] -> OS	 		  : Linux
[CBI] -> User	 	  : bilat
[CBI] ->
[CBI] -> Compilateur  : g++ (g++)
[CBI] -> Task	      : End Compiling-Linking !
[CBI] -> Time		  : 5 (s)
==================================================================================


[CBI] -> Deploying    : ../RELEASE/bin/Tuto_Graphe_gcc_x86_64.run

[CBI] -> Tuto_Graphe_gcc_x86_64 : End ALL!


09:30:35 Build Finished (took 5s.275ms)

